0 info it worked if it ends with ok
1 verbose cli [ '/usr/local/Cellar/node/7.7.3/bin/node',
1 verbose cli   '/usr/local/bin/npm',
1 verbose cli   'start' ]
2 info using npm@4.1.2
3 info using node@v7.7.3
4 verbose run-script [ 'prestart', 'start', 'poststart' ]
5 info lifecycle inukshuk-api@1.0.0~prestart: inukshuk-api@1.0.0
6 verbose lifecycle inukshuk-api@1.0.0~prestart: unsafe-perm in lifecycle true
7 verbose lifecycle inukshuk-api@1.0.0~prestart: PATH: /usr/local/lib/node_modules/npm/bin/node-gyp-bin:/Users/erikhauner/code/Inukshuk/server/node_modules/.bin:/usr/local/Cellar/mongodb/bin:/usr/local/bin:/usr/bin:/bin:/usr/sbin:/sbin:/Users/erikhauner/Library/Android/sdk/tools:/Users/erikhauner/Library/Android/sdk/platform-tools
8 verbose lifecycle inukshuk-api@1.0.0~prestart: CWD: /Users/erikhauner/code/Inukshuk/server
9 silly lifecycle inukshuk-api@1.0.0~prestart: Args: [ '-c', 'npm install' ]
10 silly lifecycle inukshuk-api@1.0.0~prestart: Returned: code: 0  signal: null
11 info lifecycle inukshuk-api@1.0.0~start: inukshuk-api@1.0.0
12 verbose lifecycle inukshuk-api@1.0.0~start: unsafe-perm in lifecycle true
13 verbose lifecycle inukshuk-api@1.0.0~start: PATH: /usr/local/lib/node_modules/npm/bin/node-gyp-bin:/Users/erikhauner/code/Inukshuk/server/node_modules/.bin:/usr/local/Cellar/mongodb/bin:/usr/local/bin:/usr/bin:/bin:/usr/sbin:/sbin:/Users/erikhauner/Library/Android/sdk/tools:/Users/erikhauner/Library/Android/sdk/platform-tools
14 verbose lifecycle inukshuk-api@1.0.0~start: CWD: /Users/erikhauner/code/Inukshuk/server
15 silly lifecycle inukshuk-api@1.0.0~start: Args: [ '-c', 'export NODE_ENV=dev && node index.js' ]
16 silly lifecycle inukshuk-api@1.0.0~start: Returned: code: 1  signal: null
17 info lifecycle inukshuk-api@1.0.0~start: Failed to exec start script
18 verbose stack Error: inukshuk-api@1.0.0 start: `export NODE_ENV=dev && node index.js`
18 verbose stack Exit status 1
18 verbose stack     at EventEmitter.<anonymous> (/usr/local/lib/node_modules/npm/lib/utils/lifecycle.js:279:16)
18 verbose stack     at emitTwo (events.js:106:13)
18 verbose stack     at EventEmitter.emit (events.js:194:7)
18 verbose stack     at ChildProcess.<anonymous> (/usr/local/lib/node_modules/npm/lib/utils/spawn.js:40:14)
18 verbose stack     at emitTwo (events.js:106:13)
18 verbose stack     at ChildProcess.emit (events.js:194:7)
18 verbose stack     at maybeClose (internal/child_process.js:899:16)
18 verbose stack     at Process.ChildProcess._handle.onexit (internal/child_process.js:226:5)
19 verbose pkgid inukshuk-api@1.0.0
20 verbose cwd /Users/erikhauner/code/Inukshuk/server
21 error Darwin 16.4.0
22 error argv "/usr/local/Cellar/node/7.7.3/bin/node" "/usr/local/bin/npm" "start"
23 error node v7.7.3
24 error npm  v4.1.2
25 error code ELIFECYCLE
26 error inukshuk-api@1.0.0 start: `export NODE_ENV=dev && node index.js`
26 error Exit status 1
27 error Failed at the inukshuk-api@1.0.0 start script 'export NODE_ENV=dev && node index.js'.
27 error Make sure you have the latest version of node.js and npm installed.
27 error If you do, this is most likely a problem with the inukshuk-api package,
27 error not with npm itself.
27 error Tell the author that this fails on your system:
27 error     export NODE_ENV=dev && node index.js
27 error You can get information on how to open an issue for this project with:
27 error     npm bugs inukshuk-api
27 error Or if that isn't available, you can get their info via:
27 error     npm owner ls inukshuk-api
27 error There is likely additional logging output above.
28 verbose exit [ 1, true ]
